<?xml version="1.0" encoding="UTF-8"?>
<!-- Generated by org.testng.reporters.JUnitXMLReporter -->
<testsuite ignored="0" hostname="DESKTOP-A2CTSOI" failures="4" tests="4" name="Default test" time="42.368" errors="0" timestamp="2025-10-27T15:05:15 EDT">
  <testcase classname="io.cucumber.testng.AbstractTestNGCucumberTests" name="runScenario" time="11.436">
    <failure type="tools.jackson.core.exc.StreamReadException" message="Unexpected character (&amp;apos;}&amp;apos; (code 125)): was expecting double-quote to start property name
 at [Source: REDACTED (`StreamReadFeature.INCLUDE_SOURCE_IN_LOCATION` disabled); byte offset: #594]">
      <![CDATA[tools.jackson.core.exc.StreamReadException: Unexpected character ('}' (code 125)): was expecting double-quote to start property name
 at [Source: REDACTED (`StreamReadFeature.INCLUDE_SOURCE_IN_LOCATION` disabled); byte offset: #594]
at tools.jackson.core.JsonParser._constructReadException(JsonParser.java:1800)
at tools.jackson.core.base.ParserMinimalBase._reportUnexpectedChar(ParserMinimalBase.java:1049)
at tools.jackson.core.json.UTF8StreamJsonParser._handleOddName(UTF8StreamJsonParser.java:2450)
at tools.jackson.core.json.UTF8StreamJsonParser._parseName(UTF8StreamJsonParser.java:2101)
at tools.jackson.core.json.UTF8StreamJsonParser.nextName(UTF8StreamJsonParser.java:945)
at tools.jackson.databind.deser.jackson.BaseNodeDeserializer._deserializeContainerNoRecursion(BaseNodeDeserializer.java:316)
at tools.jackson.databind.deser.jackson.JsonNodeDeserializer.deserialize(JsonNodeDeserializer.java:86)
at tools.jackson.databind.deser.jackson.JsonNodeDeserializer.deserialize(JsonNodeDeserializer.java:11)
at tools.jackson.databind.deser.DeserializationContextExt.readRootValue(DeserializationContextExt.java:265)
at tools.jackson.databind.ObjectMapper._readTreeAndClose(ObjectMapper.java:2647)
at tools.jackson.databind.ObjectMapper.readTree(ObjectMapper.java:1190)
at utilties.JSONReader.readJsonFile(JSONReader.java:14)
at pages.LoginPage.<init>(LoginPage.java:33)
at pages.HomePage.goToLogin(HomePage.java:52)
at tests.LoginPageTest.loginTest(LoginPageTest.java:35)
at ✽.User is on Poco Mega Store Login page "https://ecommerce-playground.lambdatest.io/index.php?route=account/login"(file:///C:/Users/jessp/eclipse-workspace/AutomationPractice/src/test/resources/features/LoginPage.feature:4)
]]>
    </failure>
  </testcase> <!-- runScenario -->
  <testcase classname="io.cucumber.testng.AbstractTestNGCucumberTests" name="runScenario" time="10.073">
    <failure type="tools.jackson.core.exc.StreamReadException" message="Unexpected character (&amp;apos;}&amp;apos; (code 125)): was expecting double-quote to start property name
 at [Source: REDACTED (`StreamReadFeature.INCLUDE_SOURCE_IN_LOCATION` disabled); byte offset: #594]">
      <![CDATA[tools.jackson.core.exc.StreamReadException: Unexpected character ('}' (code 125)): was expecting double-quote to start property name
 at [Source: REDACTED (`StreamReadFeature.INCLUDE_SOURCE_IN_LOCATION` disabled); byte offset: #594]
at tools.jackson.core.JsonParser._constructReadException(JsonParser.java:1800)
at tools.jackson.core.base.ParserMinimalBase._reportUnexpectedChar(ParserMinimalBase.java:1049)
at tools.jackson.core.json.UTF8StreamJsonParser._handleOddName(UTF8StreamJsonParser.java:2450)
at tools.jackson.core.json.UTF8StreamJsonParser._parseName(UTF8StreamJsonParser.java:2101)
at tools.jackson.core.json.UTF8StreamJsonParser.nextName(UTF8StreamJsonParser.java:945)
at tools.jackson.databind.deser.jackson.BaseNodeDeserializer._deserializeContainerNoRecursion(BaseNodeDeserializer.java:316)
at tools.jackson.databind.deser.jackson.JsonNodeDeserializer.deserialize(JsonNodeDeserializer.java:86)
at tools.jackson.databind.deser.jackson.JsonNodeDeserializer.deserialize(JsonNodeDeserializer.java:11)
at tools.jackson.databind.deser.DeserializationContextExt.readRootValue(DeserializationContextExt.java:265)
at tools.jackson.databind.ObjectMapper._readTreeAndClose(ObjectMapper.java:2647)
at tools.jackson.databind.ObjectMapper.readTree(ObjectMapper.java:1190)
at utilties.JSONReader.readJsonFile(JSONReader.java:14)
at pages.LoginPage.<init>(LoginPage.java:33)
at pages.HomePage.goToLogin(HomePage.java:52)
at tests.LoginPageTest.loginTest(LoginPageTest.java:35)
at ✽.User is on Poco Mega Store Login page "https://ecommerce-playground.lambdatest.io/index.php?route=account/login"(file:///C:/Users/jessp/eclipse-workspace/AutomationPractice/src/test/resources/features/LoginPage.feature:4)
]]>
    </failure>
  </testcase> <!-- runScenario -->
  <testcase classname="io.cucumber.testng.AbstractTestNGCucumberTests" name="runScenario" time="10.361">
    <failure type="tools.jackson.core.exc.StreamReadException" message="Unexpected character (&amp;apos;}&amp;apos; (code 125)): was expecting double-quote to start property name
 at [Source: REDACTED (`StreamReadFeature.INCLUDE_SOURCE_IN_LOCATION` disabled); byte offset: #594]">
      <![CDATA[tools.jackson.core.exc.StreamReadException: Unexpected character ('}' (code 125)): was expecting double-quote to start property name
 at [Source: REDACTED (`StreamReadFeature.INCLUDE_SOURCE_IN_LOCATION` disabled); byte offset: #594]
at tools.jackson.core.JsonParser._constructReadException(JsonParser.java:1800)
at tools.jackson.core.base.ParserMinimalBase._reportUnexpectedChar(ParserMinimalBase.java:1049)
at tools.jackson.core.json.UTF8StreamJsonParser._handleOddName(UTF8StreamJsonParser.java:2450)
at tools.jackson.core.json.UTF8StreamJsonParser._parseName(UTF8StreamJsonParser.java:2101)
at tools.jackson.core.json.UTF8StreamJsonParser.nextName(UTF8StreamJsonParser.java:945)
at tools.jackson.databind.deser.jackson.BaseNodeDeserializer._deserializeContainerNoRecursion(BaseNodeDeserializer.java:316)
at tools.jackson.databind.deser.jackson.JsonNodeDeserializer.deserialize(JsonNodeDeserializer.java:86)
at tools.jackson.databind.deser.jackson.JsonNodeDeserializer.deserialize(JsonNodeDeserializer.java:11)
at tools.jackson.databind.deser.DeserializationContextExt.readRootValue(DeserializationContextExt.java:265)
at tools.jackson.databind.ObjectMapper._readTreeAndClose(ObjectMapper.java:2647)
at tools.jackson.databind.ObjectMapper.readTree(ObjectMapper.java:1190)
at utilties.JSONReader.readJsonFile(JSONReader.java:14)
at pages.LoginPage.<init>(LoginPage.java:33)
at pages.HomePage.goToLogin(HomePage.java:52)
at tests.LoginPageTest.loginTest(LoginPageTest.java:35)
at ✽.User is on Poco Mega Store Login page "https://ecommerce-playground.lambdatest.io/index.php?route=account/login"(file:///C:/Users/jessp/eclipse-workspace/AutomationPractice/src/test/resources/features/LoginPage.feature:4)
]]>
    </failure>
  </testcase> <!-- runScenario -->
  <testcase classname="io.cucumber.testng.AbstractTestNGCucumberTests" name="runScenario" time="9.708">
    <failure type="tools.jackson.core.exc.StreamReadException" message="Unexpected character (&amp;apos;}&amp;apos; (code 125)): was expecting double-quote to start property name
 at [Source: REDACTED (`StreamReadFeature.INCLUDE_SOURCE_IN_LOCATION` disabled); byte offset: #594]">
      <![CDATA[tools.jackson.core.exc.StreamReadException: Unexpected character ('}' (code 125)): was expecting double-quote to start property name
 at [Source: REDACTED (`StreamReadFeature.INCLUDE_SOURCE_IN_LOCATION` disabled); byte offset: #594]
at tools.jackson.core.JsonParser._constructReadException(JsonParser.java:1800)
at tools.jackson.core.base.ParserMinimalBase._reportUnexpectedChar(ParserMinimalBase.java:1049)
at tools.jackson.core.json.UTF8StreamJsonParser._handleOddName(UTF8StreamJsonParser.java:2450)
at tools.jackson.core.json.UTF8StreamJsonParser._parseName(UTF8StreamJsonParser.java:2101)
at tools.jackson.core.json.UTF8StreamJsonParser.nextName(UTF8StreamJsonParser.java:945)
at tools.jackson.databind.deser.jackson.BaseNodeDeserializer._deserializeContainerNoRecursion(BaseNodeDeserializer.java:316)
at tools.jackson.databind.deser.jackson.JsonNodeDeserializer.deserialize(JsonNodeDeserializer.java:86)
at tools.jackson.databind.deser.jackson.JsonNodeDeserializer.deserialize(JsonNodeDeserializer.java:11)
at tools.jackson.databind.deser.DeserializationContextExt.readRootValue(DeserializationContextExt.java:265)
at tools.jackson.databind.ObjectMapper._readTreeAndClose(ObjectMapper.java:2647)
at tools.jackson.databind.ObjectMapper.readTree(ObjectMapper.java:1190)
at utilties.JSONReader.readJsonFile(JSONReader.java:14)
at pages.LoginPage.<init>(LoginPage.java:33)
at pages.HomePage.goToLogin(HomePage.java:52)
at tests.LoginPageTest.loginTest(LoginPageTest.java:35)
at ✽.User is on Poco Mega Store Login page "https://ecommerce-playground.lambdatest.io/index.php?route=account/login"(file:///C:/Users/jessp/eclipse-workspace/AutomationPractice/src/test/resources/features/LoginPage.feature:4)
]]>
    </failure>
  </testcase> <!-- runScenario -->
</testsuite> <!-- Default test -->
