<?xml version="1.0" encoding="UTF-8"?>
<!-- Generated by org.testng.reporters.JUnitXMLReporter -->
<testsuite ignored="0" hostname="DESKTOP-A2CTSOI" failures="4" tests="4" name="Edge Test" time="3.869" errors="0" timestamp="2025-10-31T11:11:56 EDT">
  <testcase classname="io.cucumber.testng.AbstractTestNGCucumberTests" name="runScenario" time="0.013">
    <failure type="java.lang.IllegalArgumentException" message="Driver must be set">
      <![CDATA[java.lang.IllegalArgumentException: Driver must be set
at org.openqa.selenium.internal.Require.nonNull(Require.java:63)
at org.openqa.selenium.interactions.Actions.<init>(Actions.java:67)
at org.openqa.selenium.interactions.Actions.<init>(Actions.java:63)
at pages.HomePage.navigateToLogin(HomePage.java:42)
at tests.LoginPageTest.goToLoginPage(LoginPageTest.java:35)
at ✽.User is on Poco Mega Store login page "https://ecommerce-playground.lambdatest.io/index.php?route=account/login"(file:///C:/Users/jessp/eclipse-workspace/automation-practice/src/test/resources/features/LoginPage.feature:4)
]]>
    </failure>
  </testcase> <!-- runScenario -->
  <testcase classname="io.cucumber.testng.AbstractTestNGCucumberTests" name="runScenario" time="0.01">
    <failure type="java.lang.IllegalArgumentException" message="Driver must be set">
      <![CDATA[java.lang.IllegalArgumentException: Driver must be set
at org.openqa.selenium.internal.Require.nonNull(Require.java:63)
at org.openqa.selenium.interactions.Actions.<init>(Actions.java:67)
at org.openqa.selenium.interactions.Actions.<init>(Actions.java:63)
at pages.HomePage.navigateToLogin(HomePage.java:42)
at tests.LoginPageTest.goToLoginPage(LoginPageTest.java:35)
at ✽.User is on Poco Mega Store login page "https://ecommerce-playground.lambdatest.io/index.php?route=account/login"(file:///C:/Users/jessp/eclipse-workspace/automation-practice/src/test/resources/features/LoginPage.feature:4)
]]>
    </failure>
  </testcase> <!-- runScenario -->
  <testcase classname="io.cucumber.testng.AbstractTestNGCucumberTests" name="runScenario" time="0.014">
    <failure type="java.lang.IllegalArgumentException" message="Driver must be set">
      <![CDATA[java.lang.IllegalArgumentException: Driver must be set
at org.openqa.selenium.internal.Require.nonNull(Require.java:63)
at org.openqa.selenium.interactions.Actions.<init>(Actions.java:67)
at org.openqa.selenium.interactions.Actions.<init>(Actions.java:63)
at pages.HomePage.navigateToLogin(HomePage.java:42)
at tests.LoginPageTest.goToLoginPage(LoginPageTest.java:35)
at ✽.User is on Poco Mega Store login page "https://ecommerce-playground.lambdatest.io/index.php?route=account/login"(file:///C:/Users/jessp/eclipse-workspace/automation-practice/src/test/resources/features/LoginPage.feature:4)
]]>
    </failure>
  </testcase> <!-- runScenario -->
  <testcase classname="io.cucumber.testng.AbstractTestNGCucumberTests" name="runScenario" time="0.012">
    <failure type="java.lang.IllegalArgumentException" message="Driver must be set">
      <![CDATA[java.lang.IllegalArgumentException: Driver must be set
at org.openqa.selenium.internal.Require.nonNull(Require.java:63)
at org.openqa.selenium.interactions.Actions.<init>(Actions.java:67)
at org.openqa.selenium.interactions.Actions.<init>(Actions.java:63)
at pages.HomePage.navigateToLogin(HomePage.java:42)
at tests.LoginPageTest.goToLoginPage(LoginPageTest.java:35)
at ✽.User is on Poco Mega Store login page "https://ecommerce-playground.lambdatest.io/index.php?route=account/login"(file:///C:/Users/jessp/eclipse-workspace/automation-practice/src/test/resources/features/LoginPage.feature:4)
]]>
    </failure>
  </testcase> <!-- runScenario -->
</testsuite> <!-- Edge Test -->
