<?xml version="1.0" encoding="UTF-8"?>
<!-- Generated by org.testng.reporters.JUnitXMLReporter -->
<testsuite ignored="0" hostname="DESKTOP-A2CTSOI" failures="4" tests="4" name="Test" time="1.394" errors="0" timestamp="2025-10-27T14:12:45 EDT">
  <testcase classname="io.cucumber.testng.AbstractTestNGCucumberTests" name="runScenario" time="0.785">
    <failure type="java.lang.NullPointerException" message="Cannot invoke &amp;quot;org.openqa.selenium.WebDriver.findElement(org.openqa.selenium.By)&amp;quot; because &amp;quot;this.driver&amp;quot; is null">
      <![CDATA[java.lang.NullPointerException: Cannot invoke "org.openqa.selenium.WebDriver.findElement(org.openqa.selenium.By)" because "this.driver" is null
at utilties.WebElementFactory.getWebElement(WebElementFactory.java:40)
at pages.HomePage.getElement(HomePage.java:43)
at pages.HomePage.goToLogin(HomePage.java:48)
at tests.LoginPageTest.loginTest(LoginPageTest.java:25)
at ✽.User is on Poco Mega Store Login page "https://ecommerce-playground.lambdatest.io/index.php?route=account/login"(file:///C:/Users/jessp/eclipse-workspace/AutomationPractice/src/test/resources/features/LoginPage.feature:4)
]]>
    </failure>
  </testcase> <!-- runScenario -->
  <testcase classname="io.cucumber.testng.AbstractTestNGCucumberTests" name="runScenario" time="0.008">
    <failure type="java.lang.NullPointerException" message="Cannot invoke &amp;quot;org.openqa.selenium.WebDriver.findElement(org.openqa.selenium.By)&amp;quot; because &amp;quot;this.driver&amp;quot; is null">
      <![CDATA[java.lang.NullPointerException: Cannot invoke "org.openqa.selenium.WebDriver.findElement(org.openqa.selenium.By)" because "this.driver" is null
at utilties.WebElementFactory.getWebElement(WebElementFactory.java:40)
at pages.HomePage.getElement(HomePage.java:43)
at pages.HomePage.goToLogin(HomePage.java:48)
at tests.LoginPageTest.loginTest(LoginPageTest.java:25)
at ✽.User is on Poco Mega Store Login page "https://ecommerce-playground.lambdatest.io/index.php?route=account/login"(file:///C:/Users/jessp/eclipse-workspace/AutomationPractice/src/test/resources/features/LoginPage.feature:4)
]]>
    </failure>
  </testcase> <!-- runScenario -->
  <testcase classname="io.cucumber.testng.AbstractTestNGCucumberTests" name="runScenario" time="0.011">
    <failure type="java.lang.NullPointerException" message="Cannot invoke &amp;quot;org.openqa.selenium.WebDriver.findElement(org.openqa.selenium.By)&amp;quot; because &amp;quot;this.driver&amp;quot; is null">
      <![CDATA[java.lang.NullPointerException: Cannot invoke "org.openqa.selenium.WebDriver.findElement(org.openqa.selenium.By)" because "this.driver" is null
at utilties.WebElementFactory.getWebElement(WebElementFactory.java:40)
at pages.HomePage.getElement(HomePage.java:43)
at pages.HomePage.goToLogin(HomePage.java:48)
at tests.LoginPageTest.loginTest(LoginPageTest.java:25)
at ✽.User is on Poco Mega Store Login page "https://ecommerce-playground.lambdatest.io/index.php?route=account/login"(file:///C:/Users/jessp/eclipse-workspace/AutomationPractice/src/test/resources/features/LoginPage.feature:4)
]]>
    </failure>
  </testcase> <!-- runScenario -->
  <testcase classname="io.cucumber.testng.AbstractTestNGCucumberTests" name="runScenario" time="0.01">
    <failure type="java.lang.NullPointerException" message="Cannot invoke &amp;quot;org.openqa.selenium.WebDriver.findElement(org.openqa.selenium.By)&amp;quot; because &amp;quot;this.driver&amp;quot; is null">
      <![CDATA[java.lang.NullPointerException: Cannot invoke "org.openqa.selenium.WebDriver.findElement(org.openqa.selenium.By)" because "this.driver" is null
at utilties.WebElementFactory.getWebElement(WebElementFactory.java:40)
at pages.HomePage.getElement(HomePage.java:43)
at pages.HomePage.goToLogin(HomePage.java:48)
at tests.LoginPageTest.loginTest(LoginPageTest.java:25)
at ✽.User is on Poco Mega Store Login page "https://ecommerce-playground.lambdatest.io/index.php?route=account/login"(file:///C:/Users/jessp/eclipse-workspace/AutomationPractice/src/test/resources/features/LoginPage.feature:4)
]]>
    </failure>
  </testcase> <!-- runScenario -->
</testsuite> <!-- Test -->
