<?xml version="1.0" encoding="UTF-8"?>
<!-- Generated by org.testng.reporters.JUnitReportReporter -->
<testsuite hostname="DESKTOP-A2CTSOI" failures="1" tests="7" name="runner.CucumberTestRunner" time="156.442" errors="0" timestamp="2025-10-31T11:50:56 EDT" skipped="0">
  <testcase classname="runner.CucumberTestRunner" name="runScenario" time="61.803"/>
  <testcase classname="runner.CucumberTestRunner" name="runScenario" time="17.283"/>
  <testcase classname="runner.CucumberTestRunner" name="runScenario" time="17.352"/>
  <testcase classname="runner.CucumberTestRunner" name="runScenario" time="16.876"/>
  <testcase classname="runner.CucumberTestRunner" name="runScenario" time="8.818"/>
  <testcase classname="runner.CucumberTestRunner" name="runScenario" time="17.461"/>
  <testcase classname="runner.CucumberTestRunner" name="runScenario" time="16.849">
    <failure message="expected [true] but found [false]" type="java.lang.AssertionError">
      <![CDATA[java.lang.AssertionError: expected [true] but found [false]
at org.testng.Assert.fail(Assert.java:111)
at org.testng.Assert.failNotEquals(Assert.java:1590)
at org.testng.Assert.assertTrue(Assert.java:57)
at org.testng.Assert.assertTrue(Assert.java:67)
at tests.LoginPageTest.verifyErrorMessage(LoginPageTest.java:51)
at ✽.User should be able to see errorMessage "Warning: No match for E-Mail Address and/or Password."(file:///C:/Users/jessp/eclipse-workspace/automation-practice/src/test/resources/features/LoginPage.feature:16)
]]>
    </failure>
  </testcase> <!-- runScenario -->
</testsuite> <!-- runner.CucumberTestRunner -->
